<?xml version="1.0" encoding="UTF-8"?>
<testsuite xmlns:xsi="http://www.w3.org/2001/XMLSchema-instance" xsi:noNamespaceSchemaLocation="https://maven.apache.org/surefire/maven-surefire-plugin/xsd/surefire-test-report.xsd" version="3.0.2" name="com.parcialdos.app.ParcialdosApplicationTests" time="10.811" tests="1" errors="0" skipped="0" failures="0" flakes="0">
  <properties>
[...]
</properties>
  <testcase name="contextLoads" classname="com.parcialdos.app.ParcialdosApplicationTests" time="1.715">
    <system-out><![CDATA[01:51:32.466 [main] INFO org.springframework.test.context.support.AnnotationConfigContextLoaderUtils -- Could not detect default configuration classes for test class [com.parcialdos.app.ParcialdosApplicationTests]: ParcialdosApplicationTests does not declare any static, non-private, non-final, nested classes annotated with @Configuration.
01:51:32.623 [main] INFO org.springframework.boot.test.context.SpringBootTestContextBootstrapper -- Found @SpringBootConfiguration com.parcialdos.app.ParcialdosApplication for test class com.parcialdos.app.ParcialdosApplicationTests
01:51:32.745 [main] INFO org.springframework.test.context.support.AnnotationConfigContextLoaderUtils -- Could not detect default configuration classes for test class [com.parcialdos.app.ParcialdosApplicationTests]: ParcialdosApplicationTests does not declare any static, non-private, non-final, nested classes annotated with @Configuration.
01:51:32.746 [main] INFO org.springframework.boot.test.context.SpringBootTestContextBootstrapper -- Found @SpringBootConfiguration com.parcialdos.app.ParcialdosApplication for test class com.parcialdos.app.ParcialdosApplicationTests
01:51:32.869 [main] INFO org.springframework.boot.devtools.restart.RestartApplicationListener -- Restart disabled due to context in which it is running

  .   ____          _            __ _ _
 /\\ / ___'_ __ _ _(_)_ __  __ _ \ \ \ \
( ( )\___ | '_ | '_| | '_ \/ _` | \ \ \ \
 \\/  ___)| |_)| | | | | || (_| |  ) ) ) )
  '  |____| .__|_| |_|_| |_\__, | / / / /
 =========|_|==============|___/=/_/_/_/

 :: Spring Boot ::                (v4.0.6)

2026-05-01T01:51:33.262-05:00  INFO 9880 --- [PARCIALDOS] [           main] c.p.app.ParcialdosApplicationTests       : Starting ParcialdosApplicationTests using Java 21.0.9 with PID 9880 (started by vaio in C:\spring framework\Trabajos2026\PARCIALDOS)
2026-05-01T01:51:33.265-05:00  INFO 9880 --- [PARCIALDOS] [           main] c.p.app.ParcialdosApplicationTests       : No active profile set, falling back to 1 default profile: "default"
2026-05-01T01:51:34.410-05:00  INFO 9880 --- [PARCIALDOS] [           main] .s.d.r.c.RepositoryConfigurationDelegate : Bootstrapping Spring Data MongoDB repositories in DEFAULT mode.
2026-05-01T01:51:34.667-05:00  INFO 9880 --- [PARCIALDOS] [           main] .s.d.r.c.RepositoryConfigurationDelegate : Finished Spring Data repository scanning in 229 ms. Found 9 MongoDB repository interfaces.
2026-05-01T01:51:36.724-05:00  INFO 9880 --- [PARCIALDOS] [o1e.mongodb.net] org.mongodb.driver.cluster               : Adding discovered server ac-onu7nj5-shard-00-02.em3qo1e.mongodb.net:27017 to client view of cluster
2026-05-01T01:51:36.782-05:00  INFO 9880 --- [PARCIALDOS] [           main] org.mongodb.driver.client                : MongoClient with metadata {"application": {"name": "Cluster0"}, "driver": {"name": "mongo-java-driver|spring-boot|sync", "version": "5.6.5"}, "os": {"type": "Windows", "name": "Windows 11", "architecture": "amd64", "version": "10.0"}, "platform": "Java/Oracle Corporation/21.0.9+7-LTS-338"} created with settings MongoClientSettings{readPreference=primary, writeConcern=WriteConcern{w=majority, wTimeout=null ms, journal=null}, retryWrites=true, retryReads=true, readConcern=ReadConcern{level=null}, credential=MongoCredential{mechanism=null, userName='danimiran8_db_user', source='admin', password=<hidden>, mechanismProperties=<hidden>}, transportSettings=null, commandListeners=[], codecRegistry=ProvidersCodecRegistry{codecProviders=[ValueCodecProvider{}, BsonValueCodecProvider{}, DBRefCodecProvider{}, DBObjectCodecProvider{}, DocumentCodecProvider{}, CollectionCodecProvider{}, IterableCodecProvider{}, MapCodecProvider{}, GeoJsonCodecProvider{}, GridFSFileCodecProvider{}, Jsr310CodecProvider{}, JsonObjectCodecProvider{}, BsonCodecProvider{}, com.mongodb.client.model.mql.ExpressionCodecProvider@25f0c5e7, com.mongodb.Jep395RecordCodecProvider@5882b202, com.mongodb.KotlinCodecProvider@120df990, EnumCodecProvider{}]}, loggerSettings=LoggerSettings{maxDocumentLength=1000}, clusterSettings={hosts=[127.0.0.1:27017], srvHost=cluster0.em3qo1e.mongodb.net, srvServiceName=mongodb, mode=MULTIPLE, requiredClusterType=REPLICA_SET, requiredReplicaSetName='atlas-8o3m5p-shard-0', serverSelector='null', clusterListeners='[]', serverSelectionTimeout='30000 ms', localThreshold='15 ms'}, socketSettings=SocketSettings{connectTimeoutMS=10000, readTimeoutMS=0, receiveBufferSize=0, proxySettings=ProxySettings{host=null, port=null, username=null, password=null}}, heartbeatSocketSettings=SocketSettings{connectTimeoutMS=10000, readTimeoutMS=10000, receiveBufferSize=0, proxySettings=ProxySettings{host=null, port=null, username=null, password=null}}, connectionPoolSettings=ConnectionPoolSettings{maxSize=100, minSize=0, maxWaitTimeMS=120000, maxConnectionLifeTimeMS=0, maxConnectionIdleTimeMS=0, maintenanceInitialDelayMS=0, maintenanceFrequencyMS=60000, connectionPoolListeners=[], maxConnecting=2}, serverSettings=ServerSettings{heartbeatFrequencyMS=10000, minHeartbeatFrequencyMS=500, serverMonitoringMode=AUTO, serverListeners='[]', serverMonitorListeners='[]'}, sslSettings=SslSettings{enabled=true, invalidHostNameAllowed=false, context=null}, applicationName='Cluster0', compressorList=[], uuidRepresentation=UNSPECIFIED, serverApi=null, autoEncryptionSettings=null, dnsClient=null, inetAddressResolver=null, contextProvider=null, timeoutMS=null}
2026-05-01T01:51:36.824-05:00  INFO 9880 --- [PARCIALDOS] [o1e.mongodb.net] org.mongodb.driver.cluster               : Adding discovered server ac-onu7nj5-shard-00-01.em3qo1e.mongodb.net:27017 to client view of cluster
2026-05-01T01:51:36.825-05:00  INFO 9880 --- [PARCIALDOS] [o1e.mongodb.net] org.mongodb.driver.cluster               : Adding discovered server ac-onu7nj5-shard-00-00.em3qo1e.mongodb.net:27017 to client view of cluster
2026-05-01T01:51:38.294-05:00  INFO 9880 --- [PARCIALDOS] [ngodb.net:27017] org.mongodb.driver.cluster               : Monitor thread successfully connected to server with description ServerDescription{address=ac-onu7nj5-shard-00-02.em3qo1e.mongodb.net:27017, type=REPLICA_SET_SECONDARY, cryptd=false, state=CONNECTED, ok=true, minWireVersion=0, maxWireVersion=25, maxDocumentSize=16777216, logicalSessionTimeoutMinutes=30, roundTripTimeNanos=871436600, minRoundTripTimeNanos=0, setName='atlas-8o3m5p-shard-0', canonicalAddress=ac-onu7nj5-shard-00-02.em3qo1e.mongodb.net:27017, hosts=[ac-onu7nj5-shard-00-00.em3qo1e.mongodb.net:27017, ac-onu7nj5-shard-00-01.em3qo1e.mongodb.net:27017, ac-onu7nj5-shard-00-02.em3qo1e.mongodb.net:27017], passives=[], arbiters=[], primary='ac-onu7nj5-shard-00-01.em3qo1e.mongodb.net:27017', tagSet=TagSet{[Tag{name='cacheState', value='READY'}, Tag{name='diskState', value='READY'}, Tag{name='nodeType', value='ELECTABLE'}, Tag{name='provider', value='AZURE'}, Tag{name='region', value='US_EAST_2'}, Tag{name='workloadType', value='OPERATIONAL'}]}, electionId=null, setVersion=87, topologyVersion=TopologyVersion{processId=69f3ad842ddb251ce0b261a6, counter=3}, lastWriteDate=Fri May 01 01:51:41 COT 2026, lastUpdateTimeNanos=848698758200}
2026-05-01T01:51:38.295-05:00  INFO 9880 --- [PARCIALDOS] [ngodb.net:27017] org.mongodb.driver.cluster               : Monitor thread successfully connected to server with description ServerDescription{address=ac-onu7nj5-shard-00-01.em3qo1e.mongodb.net:27017, type=REPLICA_SET_PRIMARY, cryptd=false, state=CONNECTED, ok=true, minWireVersion=0, maxWireVersion=25, maxDocumentSize=16777216, logicalSessionTimeoutMinutes=30, roundTripTimeNanos=868936200, minRoundTripTimeNanos=0, setName='atlas-8o3m5p-shard-0', canonicalAddress=ac-onu7nj5-shard-00-01.em3qo1e.mongodb.net:27017, hosts=[ac-onu7nj5-shard-00-00.em3qo1e.mongodb.net:27017, ac-onu7nj5-shard-00-01.em3qo1e.mongodb.net:27017, ac-onu7nj5-shard-00-02.em3qo1e.mongodb.net:27017], passives=[], arbiters=[], primary='ac-onu7nj5-shard-00-01.em3qo1e.mongodb.net:27017', tagSet=TagSet{[Tag{name='cacheState', value='READY'}, Tag{name='diskState', value='READY'}, Tag{name='nodeType', value='ELECTABLE'}, Tag{name='provider', value='AZURE'}, Tag{name='region', value='US_EAST_2'}, Tag{name='workloadType', value='OPERATIONAL'}]}, electionId=7fffffff0000000000000439, setVersion=87, topologyVersion=TopologyVersion{processId=69f3ab4ed59ec18232de5b63, counter=6}, lastWriteDate=Fri May 01 01:51:41 COT 2026, lastUpdateTimeNanos=848696241800}
2026-05-01T01:51:38.299-05:00  INFO 9880 --- [PARCIALDOS] [ngodb.net:27017] org.mongodb.driver.cluster               : Monitor thread successfully connected to server with description ServerDescription{address=ac-onu7nj5-shard-00-00.em3qo1e.mongodb.net:27017, type=REPLICA_SET_SECONDARY, cryptd=false, state=CONNECTED, ok=true, minWireVersion=0, maxWireVersion=25, maxDocumentSize=16777216, logicalSessionTimeoutMinutes=30, roundTripTimeNanos=868910400, minRoundTripTimeNanos=0, setName='atlas-8o3m5p-shard-0', canonicalAddress=ac-onu7nj5-shard-00-00.em3qo1e.mongodb.net:27017, hosts=[ac-onu7nj5-shard-00-00.em3qo1e.mongodb.net:27017, ac-onu7nj5-shard-00-01.em3qo1e.mongodb.net:27017, ac-onu7nj5-shard-00-02.em3qo1e.mongodb.net:27017], passives=[], arbiters=[], primary='ac-onu7nj5-shard-00-01.em3qo1e.mongodb.net:27017', tagSet=TagSet{[Tag{name='cacheState', value='READY'}, Tag{name='diskState', value='READY'}, Tag{name='nodeType', value='ELECTABLE'}, Tag{name='provider', value='AZURE'}, Tag{name='region', value='US_EAST_2'}, Tag{name='workloadType', value='OPERATIONAL'}]}, electionId=null, setVersion=87, topologyVersion=TopologyVersion{processId=69f3a93abf55a65edf2a7ce8, counter=4}, lastWriteDate=Fri May 01 01:51:41 GMT-05:00 2026, lastUpdateTimeNanos=848696241800}
2026-05-01T01:51:38.307-05:00  INFO 9880 --- [PARCIALDOS] [ngodb.net:27017] org.mongodb.driver.cluster               : Discovered replica set primary ac-onu7nj5-shard-00-01.em3qo1e.mongodb.net:27017 with max election id 7fffffff0000000000000439 and max set version 87
2026-05-01T01:51:39.154-05:00  WARN 9880 --- [PARCIALDOS] [           main] .s.a.UserDetailsServiceAutoConfiguration : 

Using generated security password: 71cb84e7-a954-485d-8021-ae3c64542a32

This generated password is for development use only. Your security configuration must be updated before running your application in production.

2026-05-01T01:51:39.206-05:00  INFO 9880 --- [PARCIALDOS] [           main] r$InitializeUserDetailsManagerConfigurer : Global AuthenticationManager configured with UserDetailsService bean with name inMemoryUserDetailsManager
2026-05-01T01:51:41.069-05:00  INFO 9880 --- [PARCIALDOS] [           main] c.p.app.ParcialdosApplicationTests       : Started ParcialdosApplicationTests in 8.215 seconds (process running for 9.912)
]]></system-out>
    <system-err><![CDATA[Mockito is currently self-attaching to enable the inline-mock-maker. This will no longer work in future releases of the JDK. Please add Mockito as an agent to your build as described in Mockito's documentation: https://javadoc.io/doc/org.mockito/mockito-core/latest/org.mockito/org/mockito/Mockito.html#0.3
WARNING: A Java agent has been loaded dynamically (C:\Users\vaio\.m2\repository\net\bytebuddy\byte-buddy-agent\1.17.8\byte-buddy-agent-1.17.8.jar)
WARNING: If a serviceability tool is in use, please run with -XX:+EnableDynamicAgentLoading to hide this warning
WARNING: If a serviceability tool is not in use, please run with -Djdk.instrument.traceUsage for more information
WARNING: Dynamic loading of agents will be disallowed by default in a future release
]]></system-err>
  </testcase>
</testsuite>